\BOOKMARK [1][-]{section.1}{Introduction}{}% 1
\BOOKMARK [1][-]{section.2}{The palaeontological site of Tsiotra Vryssi \(TSR\)}{}% 2
\BOOKMARK [1][-]{section.3}{Material and methods}{}% 3
\BOOKMARK [2][-]{subsection.3.1}{Data collection and subsetting}{section.3}% 4
\BOOKMARK [2][-]{subsection.3.2}{Spatial anisotropy}{section.3}% 5
\BOOKMARK [3][-]{subsubsection.3.2.1}{Fabric analysis}{subsection.3.2}% 6
\BOOKMARK [3][-]{subsubsection.3.2.2}{Geostatistics}{subsection.3.2}% 7
\BOOKMARK [3][-]{subsubsection.3.2.3}{Wavelet analysis}{subsection.3.2}% 8
\BOOKMARK [3][-]{subsubsection.3.2.4}{Point pattern analysis}{subsection.3.2}% 9
\BOOKMARK [2][-]{subsection.3.3}{Anisotropy of magnetic susceptibility \(AMS\)}{section.3}% 10
\BOOKMARK [2][-]{subsection.3.4}{Differential preservation}{section.3}% 11
\BOOKMARK [2][-]{subsection.3.5}{Reproducible research}{section.3}% 12
\BOOKMARK [1][-]{section.4}{Results}{}% 13
\BOOKMARK [2][-]{subsection.4.1}{Anisotropy of basic taphonomic elements}{section.4}% 14
\BOOKMARK [2][-]{subsection.4.2}{Anisotropy of the taphonomic population}{section.4}% 15
\BOOKMARK [2][-]{subsection.4.3}{Anisotropy of magnetic susceptibility}{section.4}% 16
\BOOKMARK [2][-]{subsection.4.4}{Differential preservation}{section.4}% 17
\BOOKMARK [2][-]{subsection.4.5}{Micromorphology}{section.4}% 18
\BOOKMARK [1][-]{section.5}{Discussion}{}% 19
\BOOKMARK [2][-]{subsection.5.1}{Recursive anisotropy}{section.5}% 20
\BOOKMARK [2][-]{subsection.5.2}{Differential preservation}{section.5}% 21
\BOOKMARK [1][-]{section.6}{Conclusions}{}% 22
